Determining if the pthread_create exist failed with the following output:
Change Dir: /home/lwh/Desktop/Learning/shenlanROS/catkin_ws/build/CMakeFiles/CMakeTmp

Run Build Command:"/usr/bin/make" "cmTC_7490f/fast"
/usr/bin/make -f CMakeFiles/cmTC_7490f.dir/build.make CMakeFiles/cmTC_7490f.dir/build
make[1]: Entering directory '/home/lwh/Desktop/Learning/shenlanROS/catkin_ws/build/CMakeFiles/CMakeTmp'
Building C object CMakeFiles/cmTC_7490f.dir/CheckSymbolExists.c.o
/usr/bin/cc    -o CMakeFiles/cmTC_7490f.dir/CheckSymbolExists.c.o   -c /home/lwh/Desktop/Learning/shenlanROS/catkin_ws/build/CMakeFiles/CMakeTmp/CheckSymbolExists.c
Linking C executable cmTC_7490f
/usr/local/bin/cmake -E cmake_link_script CMakeFiles/cmTC_7490f.dir/link.txt --verbose=1
/usr/bin/cc      -rdynamic CMakeFiles/cmTC_7490f.dir/CheckSymbolExists.c.o  -o cmTC_7490f 
CMakeFiles/cmTC_7490f.dir/CheckSymbolExists.c.o: In function `main':
CheckSymbolExists.c:(.text+0x1b): undefined reference to `pthread_create'
collect2: error: ld returned 1 exit status
CMakeFiles/cmTC_7490f.dir/build.make:86: recipe for target 'cmTC_7490f' failed
make[1]: *** [cmTC_7490f] Error 1
make[1]: Leaving directory '/home/lwh/Desktop/Learning/shenlanROS/catkin_ws/build/CMakeFiles/CMakeTmp'
Makefile:121: recipe for target 'cmTC_7490f/fast' failed
make: *** [cmTC_7490f/fast] Error 2

File /home/lwh/Desktop/Learning/shenlanROS/catkin_ws/build/CMakeFiles/CMakeTmp/CheckSymbolExists.c:
/* */
#include <pthread.h>

int main(int argc, char** argv)
{
  (void)argv;
#ifndef pthread_create
  return ((int*)(&pthread_create))[argc];
#else
  (void)argc;
  return 0;
#endif
}

Determining if the function pthread_create exists in the pthreads failed with the following output:
Change Dir: /home/lwh/Desktop/Learning/shenlanROS/catkin_ws/build/CMakeFiles/CMakeTmp

Run Build Command:"/usr/bin/make" "cmTC_6cd13/fast"
/usr/bin/make -f CMakeFiles/cmTC_6cd13.dir/build.make CMakeFiles/cmTC_6cd13.dir/build
make[1]: Entering directory '/home/lwh/Desktop/Learning/shenlanROS/catkin_ws/build/CMakeFiles/CMakeTmp'
Building C object CMakeFiles/cmTC_6cd13.dir/CheckFunctionExists.c.o
/usr/bin/cc   -DCHECK_FUNCTION_EXISTS=pthread_create   -o CMakeFiles/cmTC_6cd13.dir/CheckFunctionExists.c.o   -c /usr/local/share/cmake-3.13/Modules/CheckFunctionExists.c
Linking C executable cmTC_6cd13
/usr/local/bin/cmake -E cmake_link_script CMakeFiles/cmTC_6cd13.dir/link.txt --verbose=1
/usr/bin/cc  -DCHECK_FUNCTION_EXISTS=pthread_create    -rdynamic CMakeFiles/cmTC_6cd13.dir/CheckFunctionExists.c.o  -o cmTC_6cd13 -lpthreads 
/usr/bin/ld: cannot find -lpthreads
collect2: error: ld returned 1 exit status
CMakeFiles/cmTC_6cd13.dir/build.make:86: recipe for target 'cmTC_6cd13' failed
make[1]: *** [cmTC_6cd13] Error 1
make[1]: Leaving directory '/home/lwh/Desktop/Learning/shenlanROS/catkin_ws/build/CMakeFiles/CMakeTmp'
Makefile:121: recipe for target 'cmTC_6cd13/fast' failed
make: *** [cmTC_6cd13/fast] Error 2


Performing C SOURCE FILE Test CMAKE_HAVE_LIBC_PTHREAD failed with the following output:
Change Dir: /home/lwh/Desktop/Learning/shenlanROS/catkin_ws/build/CMakeFiles/CMakeTmp

Run Build Command(s):/usr/bin/make cmTC_89864/fast && /usr/bin/make -f CMakeFiles/cmTC_89864.dir/build.make CMakeFiles/cmTC_89864.dir/build
make[1]: Entering directory '/home/lwh/Desktop/Learning/shenlanROS/catkin_ws/build/CMakeFiles/CMakeTmp'
Building C object CMakeFiles/cmTC_89864.dir/src.c.o
/usr/bin/cc   -DCMAKE_HAVE_LIBC_PTHREAD   -o CMakeFiles/cmTC_89864.dir/src.c.o   -c /home/lwh/Desktop/Learning/shenlanROS/catkin_ws/build/CMakeFiles/CMakeTmp/src.c
Linking C executable cmTC_89864
/usr/local/bin/cmake -E cmake_link_script CMakeFiles/cmTC_89864.dir/link.txt --verbose=1
/usr/bin/cc  -DCMAKE_HAVE_LIBC_PTHREAD    -rdynamic CMakeFiles/cmTC_89864.dir/src.c.o  -o cmTC_89864 
CMakeFiles/cmTC_89864.dir/src.c.o: In function `main':
src.c:(.text+0x3e): undefined reference to `pthread_create'
src.c:(.text+0x4a): undefined reference to `pthread_detach'
src.c:(.text+0x5b): undefined reference to `pthread_join'
src.c:(.text+0x6f): undefined reference to `pthread_atfork'
collect2: error: ld returned 1 exit status
CMakeFiles/cmTC_89864.dir/build.make:86: recipe for target 'cmTC_89864' failed
make[1]: *** [cmTC_89864] Error 1
make[1]: Leaving directory '/home/lwh/Desktop/Learning/shenlanROS/catkin_ws/build/CMakeFiles/CMakeTmp'
Makefile:121: recipe for target 'cmTC_89864/fast' failed
make: *** [cmTC_89864/fast] Error 2


Source file was:
#include <pthread.h>

void* test_func(void* data)
{
  return data;
}

int main(void)
{
  pthread_t thread;
  pthread_create(&thread, NULL, test_func, NULL);
  pthread_detach(thread);
  pthread_join(thread, NULL);
  pthread_atfork(NULL, NULL, NULL);
  pthread_exit(NULL);

  return 0;
}

Determining if the Q_WS_WIN exist failed with the following output:
Change Dir: /home/lwh/Desktop/Learning/shenlanROS/catkin_ws/build/CMakeFiles/CMakeTmp

Run Build Command(s):/usr/bin/make cmTC_d7f66/fast && make[1]: Entering directory '/home/lwh/Desktop/Learning/shenlanROS/catkin_ws/build/CMakeFiles/CMakeTmp'
/usr/bin/make -f CMakeFiles/cmTC_d7f66.dir/build.make CMakeFiles/cmTC_d7f66.dir/build
make[2]: Entering directory '/home/lwh/Desktop/Learning/shenlanROS/catkin_ws/build/CMakeFiles/CMakeTmp'
Building CXX object CMakeFiles/cmTC_d7f66.dir/CheckSymbolExists.cxx.o
/usr/bin/c++   -I/usr/include/qt4   -o CMakeFiles/cmTC_d7f66.dir/CheckSymbolExists.cxx.o -c /home/lwh/Desktop/Learning/shenlanROS/catkin_ws/build/CMakeFiles/CMakeTmp/CheckSymbolExists.cxx
/home/lwh/Desktop/Learning/shenlanROS/catkin_ws/build/CMakeFiles/CMakeTmp/CheckSymbolExists.cxx: In function ‘int main(int, char**)’:
/home/lwh/Desktop/Learning/shenlanROS/catkin_ws/build/CMakeFiles/CMakeTmp/CheckSymbolExists.cxx:8:19: error: ‘Q_WS_WIN’ was not declared in this scope
   return ((int*)(&Q_WS_WIN))[argc];
                   ^~~~~~~~
/home/lwh/Desktop/Learning/shenlanROS/catkin_ws/build/CMakeFiles/CMakeTmp/CheckSymbolExists.cxx:8:19: note: suggested alternative: ‘Q_WS_X11’
   return ((int*)(&Q_WS_WIN))[argc];
                   ^~~~~~~~
                   Q_WS_X11
CMakeFiles/cmTC_d7f66.dir/build.make:65: recipe for target 'CMakeFiles/cmTC_d7f66.dir/CheckSymbolExists.cxx.o' failed
make[2]: *** [CMakeFiles/cmTC_d7f66.dir/CheckSymbolExists.cxx.o] Error 1
make[2]: Leaving directory '/home/lwh/Desktop/Learning/shenlanROS/catkin_ws/build/CMakeFiles/CMakeTmp'
Makefile:121: recipe for target 'cmTC_d7f66/fast' failed
make[1]: *** [cmTC_d7f66/fast] Error 2
make[1]: Leaving directory '/home/lwh/Desktop/Learning/shenlanROS/catkin_ws/build/CMakeFiles/CMakeTmp'


File /home/lwh/Desktop/Learning/shenlanROS/catkin_ws/build/CMakeFiles/CMakeTmp/CheckSymbolExists.cxx:
/* */
#include <QtCore/qglobal.h>

int main(int argc, char** argv)
{
  (void)argv;
#ifndef Q_WS_WIN
  return ((int*)(&Q_WS_WIN))[argc];
#else
  (void)argc;
  return 0;
#endif
}
Determining if the Q_WS_QWS exist failed with the following output:
Change Dir: /home/lwh/Desktop/Learning/shenlanROS/catkin_ws/build/CMakeFiles/CMakeTmp

Run Build Command(s):/usr/bin/make cmTC_40c69/fast && make[1]: Entering directory '/home/lwh/Desktop/Learning/shenlanROS/catkin_ws/build/CMakeFiles/CMakeTmp'
/usr/bin/make -f CMakeFiles/cmTC_40c69.dir/build.make CMakeFiles/cmTC_40c69.dir/build
make[2]: Entering directory '/home/lwh/Desktop/Learning/shenlanROS/catkin_ws/build/CMakeFiles/CMakeTmp'
Building CXX object CMakeFiles/cmTC_40c69.dir/CheckSymbolExists.cxx.o
/usr/bin/c++   -I/usr/include/qt4   -o CMakeFiles/cmTC_40c69.dir/CheckSymbolExists.cxx.o -c /home/lwh/Desktop/Learning/shenlanROS/catkin_ws/build/CMakeFiles/CMakeTmp/CheckSymbolExists.cxx
/home/lwh/Desktop/Learning/shenlanROS/catkin_ws/build/CMakeFiles/CMakeTmp/CheckSymbolExists.cxx: In function ‘int main(int, char**)’:
/home/lwh/Desktop/Learning/shenlanROS/catkin_ws/build/CMakeFiles/CMakeTmp/CheckSymbolExists.cxx:8:19: error: ‘Q_WS_QWS’ was not declared in this scope
   return ((int*)(&Q_WS_QWS))[argc];
                   ^~~~~~~~
/home/lwh/Desktop/Learning/shenlanROS/catkin_ws/build/CMakeFiles/CMakeTmp/CheckSymbolExists.cxx:8:19: note: suggested alternative: ‘Q_WS_X11’
   return ((int*)(&Q_WS_QWS))[argc];
                   ^~~~~~~~
                   Q_WS_X11
CMakeFiles/cmTC_40c69.dir/build.make:65: recipe for target 'CMakeFiles/cmTC_40c69.dir/CheckSymbolExists.cxx.o' failed
make[2]: *** [CMakeFiles/cmTC_40c69.dir/CheckSymbolExists.cxx.o] Error 1
make[2]: Leaving directory '/home/lwh/Desktop/Learning/shenlanROS/catkin_ws/build/CMakeFiles/CMakeTmp'
Makefile:121: recipe for target 'cmTC_40c69/fast' failed
make[1]: *** [cmTC_40c69/fast] Error 2
make[1]: Leaving directory '/home/lwh/Desktop/Learning/shenlanROS/catkin_ws/build/CMakeFiles/CMakeTmp'


File /home/lwh/Desktop/Learning/shenlanROS/catkin_ws/build/CMakeFiles/CMakeTmp/CheckSymbolExists.cxx:
/* */
#include <QtCore/qglobal.h>

int main(int argc, char** argv)
{
  (void)argv;
#ifndef Q_WS_QWS
  return ((int*)(&Q_WS_QWS))[argc];
#else
  (void)argc;
  return 0;
#endif
}
Determining if the Q_WS_MAC exist failed with the following output:
Change Dir: /home/lwh/Desktop/Learning/shenlanROS/catkin_ws/build/CMakeFiles/CMakeTmp

Run Build Command(s):/usr/bin/make cmTC_c1098/fast && make[1]: Entering directory '/home/lwh/Desktop/Learning/shenlanROS/catkin_ws/build/CMakeFiles/CMakeTmp'
/usr/bin/make -f CMakeFiles/cmTC_c1098.dir/build.make CMakeFiles/cmTC_c1098.dir/build
make[2]: Entering directory '/home/lwh/Desktop/Learning/shenlanROS/catkin_ws/build/CMakeFiles/CMakeTmp'
Building CXX object CMakeFiles/cmTC_c1098.dir/CheckSymbolExists.cxx.o
/usr/bin/c++   -I/usr/include/qt4   -o CMakeFiles/cmTC_c1098.dir/CheckSymbolExists.cxx.o -c /home/lwh/Desktop/Learning/shenlanROS/catkin_ws/build/CMakeFiles/CMakeTmp/CheckSymbolExists.cxx
/home/lwh/Desktop/Learning/shenlanROS/catkin_ws/build/CMakeFiles/CMakeTmp/CheckSymbolExists.cxx: In function ‘int main(int, char**)’:
/home/lwh/Desktop/Learning/shenlanROS/catkin_ws/build/CMakeFiles/CMakeTmp/CheckSymbolExists.cxx:8:19: error: ‘Q_WS_MAC’ was not declared in this scope
   return ((int*)(&Q_WS_MAC))[argc];
                   ^~~~~~~~
/home/lwh/Desktop/Learning/shenlanROS/catkin_ws/build/CMakeFiles/CMakeTmp/CheckSymbolExists.cxx:8:19: note: suggested alternative: ‘Q_WS_X11’
   return ((int*)(&Q_WS_MAC))[argc];
                   ^~~~~~~~
                   Q_WS_X11
CMakeFiles/cmTC_c1098.dir/build.make:65: recipe for target 'CMakeFiles/cmTC_c1098.dir/CheckSymbolExists.cxx.o' failed
make[2]: *** [CMakeFiles/cmTC_c1098.dir/CheckSymbolExists.cxx.o] Error 1
make[2]: Leaving directory '/home/lwh/Desktop/Learning/shenlanROS/catkin_ws/build/CMakeFiles/CMakeTmp'
Makefile:121: recipe for target 'cmTC_c1098/fast' failed
make[1]: *** [cmTC_c1098/fast] Error 2
make[1]: Leaving directory '/home/lwh/Desktop/Learning/shenlanROS/catkin_ws/build/CMakeFiles/CMakeTmp'


File /home/lwh/Desktop/Learning/shenlanROS/catkin_ws/build/CMakeFiles/CMakeTmp/CheckSymbolExists.cxx:
/* */
#include <QtCore/qglobal.h>

int main(int argc, char** argv)
{
  (void)argv;
#ifndef Q_WS_MAC
  return ((int*)(&Q_WS_MAC))[argc];
#else
  (void)argc;
  return 0;
#endif
}
